<?xml version="1.0" encoding="UTF-8"?>
<coverage generated="1643352133792" clover="3.2.0">
  <project timestamp="1643352133792" name="All files">
    <metrics statements="2" coveredstatements="0" conditionals="4" coveredconditionals="2" methods="1" coveredmethods="0" elements="7" coveredelements="2" complexity="0" loc="2" ncloc="2" packages="1" files="1" classes="1"/>
    <file name="CustomInput.vue" path="D:\Vincent\vue-testing\src\components\CustomInput.vue">
      <metrics statements="2" coveredstatements="0" conditionals="4" coveredconditionals="2" methods="1" coveredmethods="0"/>
      <line num="77" count="0" type="stmt"/>
      <line num="78" count="0" type="stmt"/>
    </file>
  </project>
</coverage>
