{"D:\\Vincent\\vue-testing\\src\\components\\CustomInput.vue": {"path":"D:\\Vincent\\vue-testing\\src\\components\\CustomInput.vue","statementMap":{"0":{"start":{"line":77,"column":0},"end":{"line":77,"column":null}},"1":{"start":{"line":78,"column":0},"end":{"line":78,"column":null}}},"fnMap":{"0":{"name":"(anonymous_1)","decl":{"start":{"line":76,"column":0},"end":{"line":76,"column":null}},"loc":{"start":{"line":76,"column":0},"end":{"line":79,"column":null}}}},"branchMap":{"0":{"loc":{"start":{"line":57,"column":0},"end":{"line":57,"column":null}},"type":"binary-expr","locations":[{"start":{"line":57,"column":0},"end":{"line":57,"column":null}},{"start":{"line":57,"column":0},"end":{"line":57,"column":null}}]},"1":{"loc":{"start":{"line":60,"column":0},"end":{"line":60,"column":null}},"type":"binary-expr","locations":[{"start":{"line":60,"column":0},"end":{"line":60,"column":null}},{"start":{"line":60,"column":0},"end":{"line":60,"column":null}}]}},"s":{"0":0,"1":0},"f":{"0":0},"b":{"0":[1,0],"1":[1,0]}}
}
